2019-01-08-main--INFO -org.springframework.context.support.ClassPathXmlApplicationContext:Refreshing org.springframework.context.support.ClassPathXmlApplicationContext@768debd: startup date [Tue Jan 08 10:13:15 IST 2019]; root of context hierarchy
2019-01-08-main--INFO -org.springframework.beans.factory.xml.XmlBeanDefinitionReader:Loading XML bean definitions from class path resource [context.xml]
2019-01-08-main--INFO -org.springframework.context.support.PropertySourcesPlaceholderConfigurer:Loading properties file from class path resource [db.properties]
2019-01-08-main--INFO -org.springframework.jdbc.datasource.DriverManagerDataSource:Loaded JDBC driver: com.mysql.jdbc.Driver
2019-01-08-main--INFO -org.springframework.context.support.ClassPathXmlApplicationContext:Refreshing org.springframework.context.support.ClassPathXmlApplicationContext@768debd: startup date [Tue Jan 08 10:15:53 IST 2019]; root of context hierarchy
2019-01-08-main--INFO -org.springframework.beans.factory.xml.XmlBeanDefinitionReader:Loading XML bean definitions from class path resource [context.xml]
2019-01-08-main--INFO -org.springframework.context.support.PropertySourcesPlaceholderConfigurer:Loading properties file from class path resource [db.properties]
2019-01-08-main--INFO -org.springframework.jdbc.datasource.DriverManagerDataSource:Loaded JDBC driver: com.mysql.jdbc.Driver
2019-01-08-main--INFO -org.springframework.beans.factory.xml.XmlBeanDefinitionReader:Loading XML bean definitions from class path resource [org/springframework/jdbc/support/sql-error-codes.xml]
2019-01-08-main--INFO -org.springframework.jdbc.support.SQLErrorCodesFactory:SQLErrorCodes loaded: [DB2, Derby, H2, HSQL, Informix, MS-SQL, MySQL, Oracle, PostgreSQL, Sybase]
2019-01-08-main--INFO -org.springframework.context.support.ClassPathXmlApplicationContext:Refreshing org.springframework.context.support.ClassPathXmlApplicationContext@768debd: startup date [Tue Jan 08 10:17:58 IST 2019]; root of context hierarchy
2019-01-08-main--INFO -org.springframework.beans.factory.xml.XmlBeanDefinitionReader:Loading XML bean definitions from class path resource [context.xml]
2019-01-08-main--INFO -org.springframework.context.support.PropertySourcesPlaceholderConfigurer:Loading properties file from class path resource [db.properties]
2019-01-08-main--INFO -org.springframework.jdbc.datasource.DriverManagerDataSource:Loaded JDBC driver: com.mysql.jdbc.Driver
2019-01-08-main--INFO -org.springframework.context.support.ClassPathXmlApplicationContext:Refreshing org.springframework.context.support.ClassPathXmlApplicationContext@768debd: startup date [Tue Jan 08 10:21:23 IST 2019]; root of context hierarchy
2019-01-08-main--INFO -org.springframework.beans.factory.xml.XmlBeanDefinitionReader:Loading XML bean definitions from class path resource [context.xml]
2019-01-08-main--INFO -org.springframework.context.support.PropertySourcesPlaceholderConfigurer:Loading properties file from class path resource [db.properties]
2019-01-08-main--INFO -org.springframework.jdbc.datasource.DriverManagerDataSource:Loaded JDBC driver: com.mysql.jdbc.Driver
2019-01-08-main--INFO -org.springframework.context.support.ClassPathXmlApplicationContext:Refreshing org.springframework.context.support.ClassPathXmlApplicationContext@768debd: startup date [Tue Jan 08 10:24:05 IST 2019]; root of context hierarchy
2019-01-08-main--INFO -org.springframework.beans.factory.xml.XmlBeanDefinitionReader:Loading XML bean definitions from class path resource [context.xml]
2019-01-08-main--INFO -org.springframework.context.support.PropertySourcesPlaceholderConfigurer:Loading properties file from class path resource [db.properties]
2019-01-08-main--INFO -org.springframework.jdbc.datasource.DriverManagerDataSource:Loaded JDBC driver: com.mysql.jdbc.Driver
2019-01-08-main--INFO -org.springframework.context.support.ClassPathXmlApplicationContext:Refreshing org.springframework.context.support.ClassPathXmlApplicationContext@768debd: startup date [Tue Jan 08 10:25:39 IST 2019]; root of context hierarchy
2019-01-08-main--INFO -org.springframework.beans.factory.xml.XmlBeanDefinitionReader:Loading XML bean definitions from class path resource [context.xml]
2019-01-08-main--INFO -org.springframework.context.support.PropertySourcesPlaceholderConfigurer:Loading properties file from class path resource [db.properties]
2019-01-08-main--INFO -org.springframework.jdbc.datasource.DriverManagerDataSource:Loaded JDBC driver: com.mysql.jdbc.Driver
2019-01-08-main--INFO -org.springframework.context.support.ClassPathXmlApplicationContext:Refreshing org.springframework.context.support.ClassPathXmlApplicationContext@768debd: startup date [Tue Jan 08 10:26:35 IST 2019]; root of context hierarchy
2019-01-08-main--INFO -org.springframework.beans.factory.xml.XmlBeanDefinitionReader:Loading XML bean definitions from class path resource [context.xml]
2019-01-08-main--INFO -org.springframework.context.support.PropertySourcesPlaceholderConfigurer:Loading properties file from class path resource [db.properties]
2019-01-08-main--INFO -org.springframework.jdbc.datasource.DriverManagerDataSource:Loaded JDBC driver: com.mysql.jdbc.Driver
2019-01-08-main--INFO -org.springframework.context.support.ClassPathXmlApplicationContext:Refreshing org.springframework.context.support.ClassPathXmlApplicationContext@768debd: startup date [Tue Jan 08 10:27:47 IST 2019]; root of context hierarchy
2019-01-08-main--INFO -org.springframework.beans.factory.xml.XmlBeanDefinitionReader:Loading XML bean definitions from class path resource [context.xml]
2019-01-08-main--INFO -org.springframework.context.support.PropertySourcesPlaceholderConfigurer:Loading properties file from class path resource [db.properties]
2019-01-08-main--INFO -org.springframework.jdbc.datasource.DriverManagerDataSource:Loaded JDBC driver: com.mysql.jdbc.Driver
2019-01-08-main--INFO -org.springframework.context.support.ClassPathXmlApplicationContext:Refreshing org.springframework.context.support.ClassPathXmlApplicationContext@768debd: startup date [Tue Jan 08 10:29:05 IST 2019]; root of context hierarchy
2019-01-08-main--INFO -org.springframework.beans.factory.xml.XmlBeanDefinitionReader:Loading XML bean definitions from class path resource [context.xml]
2019-01-08-main--INFO -org.springframework.context.support.PropertySourcesPlaceholderConfigurer:Loading properties file from class path resource [db.properties]
2019-01-08-main--INFO -org.springframework.jdbc.datasource.DriverManagerDataSource:Loaded JDBC driver: com.mysql.jdbc.Driver
2019-01-08-main--INFO -org.springframework.context.support.ClassPathXmlApplicationContext:Refreshing org.springframework.context.support.ClassPathXmlApplicationContext@768debd: startup date [Tue Jan 08 10:29:47 IST 2019]; root of context hierarchy
2019-01-08-main--INFO -org.springframework.beans.factory.xml.XmlBeanDefinitionReader:Loading XML bean definitions from class path resource [context.xml]
2019-01-08-main--INFO -org.springframework.context.support.PropertySourcesPlaceholderConfigurer:Loading properties file from class path resource [db.properties]
2019-01-08-main--INFO -org.springframework.jdbc.datasource.DriverManagerDataSource:Loaded JDBC driver: com.mysql.jdbc.Driver
2019-01-08-main--INFO -org.springframework.context.support.ClassPathXmlApplicationContext:Refreshing org.springframework.context.support.ClassPathXmlApplicationContext@768debd: startup date [Tue Jan 08 10:33:33 IST 2019]; root of context hierarchy
2019-01-08-main--INFO -org.springframework.beans.factory.xml.XmlBeanDefinitionReader:Loading XML bean definitions from class path resource [context.xml]
2019-01-08-main--INFO -org.springframework.context.support.PropertySourcesPlaceholderConfigurer:Loading properties file from class path resource [db.properties]
2019-01-08-main--INFO -org.springframework.jdbc.datasource.DriverManagerDataSource:Loaded JDBC driver: com.mysql.jdbc.Driver
2019-01-08-main--INFO -org.springframework.context.support.ClassPathXmlApplicationContext:Refreshing org.springframework.context.support.ClassPathXmlApplicationContext@768debd: startup date [Tue Jan 08 10:38:29 IST 2019]; root of context hierarchy
2019-01-08-main--INFO -org.springframework.beans.factory.xml.XmlBeanDefinitionReader:Loading XML bean definitions from class path resource [context.xml]
2019-01-08-main--INFO -org.springframework.context.support.PropertySourcesPlaceholderConfigurer:Loading properties file from class path resource [db.properties]
2019-01-08-main--INFO -org.springframework.jdbc.datasource.DriverManagerDataSource:Loaded JDBC driver: com.mysql.jdbc.Driver
2019-01-08-main--INFO -org.springframework.context.support.ClassPathXmlApplicationContext:Refreshing org.springframework.context.support.ClassPathXmlApplicationContext@768debd: startup date [Tue Jan 08 10:39:29 IST 2019]; root of context hierarchy
2019-01-08-main--INFO -org.springframework.beans.factory.xml.XmlBeanDefinitionReader:Loading XML bean definitions from class path resource [context.xml]
2019-01-08-main--INFO -org.springframework.context.support.PropertySourcesPlaceholderConfigurer:Loading properties file from class path resource [db.properties]
2019-01-08-main--INFO -org.springframework.jdbc.datasource.DriverManagerDataSource:Loaded JDBC driver: com.mysql.jdbc.Driver
2019-01-08-main--INFO -org.springframework.context.support.ClassPathXmlApplicationContext:Refreshing org.springframework.context.support.ClassPathXmlApplicationContext@768debd: startup date [Tue Jan 08 10:44:10 IST 2019]; root of context hierarchy
2019-01-08-main--INFO -org.springframework.beans.factory.xml.XmlBeanDefinitionReader:Loading XML bean definitions from class path resource [context.xml]
2019-01-08-main--INFO -org.springframework.context.support.PropertySourcesPlaceholderConfigurer:Loading properties file from class path resource [db.properties]
2019-01-08-main--INFO -org.springframework.jdbc.datasource.DriverManagerDataSource:Loaded JDBC driver: com.mysql.jdbc.Driver
2019-01-08-main--INFO -org.springframework.context.support.ClassPathXmlApplicationContext:Refreshing org.springframework.context.support.ClassPathXmlApplicationContext@768debd: startup date [Tue Jan 08 10:46:21 IST 2019]; root of context hierarchy
2019-01-08-main--INFO -org.springframework.beans.factory.xml.XmlBeanDefinitionReader:Loading XML bean definitions from class path resource [context.xml]
2019-01-08-main--INFO -org.springframework.context.support.PropertySourcesPlaceholderConfigurer:Loading properties file from class path resource [db.properties]
2019-01-08-main--INFO -org.springframework.jdbc.datasource.DriverManagerDataSource:Loaded JDBC driver: com.mysql.jdbc.Driver
2019-01-08-main--INFO -org.springframework.context.support.ClassPathXmlApplicationContext:Refreshing org.springframework.context.support.ClassPathXmlApplicationContext@768debd: startup date [Tue Jan 08 14:58:43 IST 2019]; root of context hierarchy
2019-01-08-main--INFO -org.springframework.beans.factory.xml.XmlBeanDefinitionReader:Loading XML bean definitions from class path resource [context.xml]
2019-01-08-main--INFO -org.springframework.context.support.PropertySourcesPlaceholderConfigurer:Loading properties file from class path resource [db.properties]
2019-01-08-main--INFO -org.springframework.jdbc.datasource.DriverManagerDataSource:Loaded JDBC driver: com.mysql.jdbc.Driver
